FOODSHARE_11_24_0024/samples/foodshare/build/outputs/logs/manifest-merger-debug-report.txt
-- Merging decision tree log ---
manifest
ADDED from AndroidManifest.xml:22:1
	package
		ADDED from AndroidManifest.xml:23:11
	android:versionName
		ADDED from AndroidManifest.xml:25:11
	android:versionCode
		ADDED from AndroidManifest.xml:24:11
		INJECTED from AndroidManifest.xml:0:0
		INJECTED from AndroidManifest.xml:0:0
	xmlns:android
		ADDED from AndroidManifest.xml:22:11
uses-permission#android.permission.INTERNET
ADDED from AndroidManifest.xml:27:5
	android:name
		ADDED from AndroidManifest.xml:27:22
uses-permission#android.permission.WRITE_EXTERNAL_STORAGE
ADDED from AndroidManifest.xml:28:5
	android:name
		ADDED from AndroidManifest.xml:28:22
uses-permission#android.permission.CAMERA
ADDED from AndroidManifest.xml:31:5
	android:name
		ADDED from AndroidManifest.xml:31:22
uses-feature#android.hardware.camera
ADDED from AndroidManifest.xml:32:5
	android:name
		ADDED from AndroidManifest.xml:32:19
uses-permission#android.permission.RECORD_AUDIO
ADDED from AndroidManifest.xml:33:5
	android:name
		ADDED from AndroidManifest.xml:33:22
uses-permission#android.permission.ACCESS_FINE_LOCATION
ADDED from AndroidManifest.xml:35:5
	android:name
		ADDED from AndroidManifest.xml:35:22
application
ADDED from AndroidManifest.xml:37:5
MERGED from com.facebook.android:facebook:4.6.0:28:5
MERGED from com.android.support:support-v4:22.2.1:22:5
	android:label
		ADDED from AndroidManifest.xml:37:18
	android:icon
		ADDED from AndroidManifest.xml:38:18
	android:theme
		ADDED from AndroidManifest.xml:39:18
	android:name
		ADDED from AndroidManifest.xml:40:18
activity#com.example.hellofacebook.HelloFacebookSampleActivity
ADDED from AndroidManifest.xml:43:9
	android:label
		ADDED from AndroidManifest.xml:44:19
	android:windowSoftInputMode
		ADDED from AndroidManifest.xml:45:19
	android:name
		ADDED from AndroidManifest.xml:43:19
intent-filter#android.intent.action.MAIN+android.intent.category.LAUNCHER
ADDED from AndroidManifest.xml:46:13
action#android.intent.action.MAIN
ADDED from AndroidManifest.xml:47:17
	android:name
		ADDED from AndroidManifest.xml:47:25
category#android.intent.category.LAUNCHER
ADDED from AndroidManifest.xml:48:17
	android:name
		ADDED from AndroidManifest.xml:48:27
activity#com.facebook.FacebookActivity
ADDED from AndroidManifest.xml:52:9
	android:label
		ADDED from AndroidManifest.xml:55:19
	android:configChanges
		ADDED from AndroidManifest.xml:53:19
	android:theme
		ADDED from AndroidManifest.xml:54:19
	android:name
		ADDED from AndroidManifest.xml:52:19
meta-data#com.facebook.sdk.ApplicationId
ADDED from AndroidManifest.xml:56:9
	android:value
		ADDED from AndroidManifest.xml:56:66
	android:name
		ADDED from AndroidManifest.xml:56:20
meta-data#com.facebook.sdk.ApplicationName
ADDED from AndroidManifest.xml:57:9
	android:value
		ADDED from AndroidManifest.xml:58:20
	android:name
		ADDED from AndroidManifest.xml:57:20
provider#com.facebook.FacebookContentProvider
ADDED from AndroidManifest.xml:59:9
	android:authorities
		ADDED from AndroidManifest.xml:59:19
	android:exported
		ADDED from AndroidManifest.xml:61:19
	android:name
		ADDED from AndroidManifest.xml:60:19
receiver#com.example.hellofacebook.HelloFacebookBroadcastReceiver
ADDED from AndroidManifest.xml:62:9
	android:name
		ADDED from AndroidManifest.xml:62:19
intent-filter#com.facebook.platform.AppCallResultBroadcast
ADDED from AndroidManifest.xml:63:13
action#com.facebook.platform.AppCallResultBroadcast
ADDED from AndroidManifest.xml:64:17
	android:name
		ADDED from AndroidManifest.xml:64:25
activity#com.example.hellofacebook.write
ADDED from AndroidManifest.xml:68:9
	android:imeOptions
		ADDED from AndroidManifest.xml:70:13
	android:windowSoftInputMode
		ADDED from AndroidManifest.xml:69:13
	android:name
		ADDED from AndroidManifest.xml:68:19
activity#com.example.hellofacebook.list
ADDED from AndroidManifest.xml:73:9
	android:name
		ADDED from AndroidManifest.xml:73:19
uses-sdk
INJECTED from AndroidManifest.xml:0:0 reason: use-sdk injection requested
MERGED from com.facebook.android:facebook:4.6.0:24:5
MERGED from com.android.support:support-v4:22.2.1:20:5
	android:targetSdkVersion
		INJECTED from AndroidManifest.xml:0:0
		INJECTED from AndroidManifest.xml:0:0
	android:minSdkVersion
		INJECTED from AndroidManifest.xml:0:0
		INJECTED from AndroidManifest.xml:0:0